[debug] [2022-06-03T04:17:30.877Z] ----------------------------------------------------------------------
[debug] [2022-06-03T04:17:30.878Z] Command:       /usr/local/bin/node /usr/local/bin/firebase init hosting
[debug] [2022-06-03T04:17:30.878Z] CLI Version:   11.0.0
[debug] [2022-06-03T04:17:30.878Z] Platform:      darwin
[debug] [2022-06-03T04:17:30.878Z] Node Version:  v16.13.0
[debug] [2022-06-03T04:17:30.880Z] Time:          Fri Jun 03 2022 00:17:30 GMT-0400 (Eastern Daylight Time)
[debug] [2022-06-03T04:17:30.880Z] ----------------------------------------------------------------------
[debug] 
[debug] [2022-06-03T04:17:30.881Z] >>> [apiv2][query] GET https://firebase-public.firebaseio.com/cli.json [none]
[debug] [2022-06-03T04:17:31.031Z] > command requires scopes: ["email","openid","https://www.googleapis.com/auth/cloudplatformprojects.readonly","https://www.googleapis.com/auth/firebase","https://www.googleapis.com/auth/cloud-platform"]
[debug] [2022-06-03T04:17:31.031Z] > authorizing via signed-in user (manishsondhi01@gmail.com)
[info] 
     ######## #### ########  ######## ########     ###     ######  ########
     ##        ##  ##     ## ##       ##     ##  ##   ##  ##       ##
     ######    ##  ########  ######   ########  #########  ######  ######
     ##        ##  ##    ##  ##       ##     ## ##     ##       ## ##
     ##       #### ##     ## ######## ########  ##     ##  ######  ########

You're about to initialize a Firebase project in this directory:

  /Volumes/Seagate 1TB/React.JS Projects/whatsapp-clone

Before we get started, keep in mind:

  * You are currently outside your home directory
  * You are initializing within an existing Firebase project directory

[info] 
=== Project Setup
[info] 
[info] First, let's associate this project directory with a Firebase project.
[info] You can create multiple project aliases by running firebase use --add, 
[info] but for now we'll just set up a default project.
[info] 
[debug] [2022-06-03T04:17:31.033Z] Using project from CLI flag: whatsapp-clone-487ce
[debug] [2022-06-03T04:17:31.033Z] > refreshing access token with scopes: []
[debug] [2022-06-03T04:17:31.033Z] >>> HTTP REQUEST POST https://www.googleapis.com/oauth2/v3/token  
 <request body omitted>
[debug] [2022-06-03T04:17:31.311Z] <<< HTTP RESPONSE 200 {"cache-control":"no-cache, no-store, max-age=0, must-revalidate","date":"Fri, 03 Jun 2022 04:17:31 GMT","pragma":"no-cache","expires":"Mon, 01 Jan 1990 00:00:00 GMT","content-type":"application/json; charset=utf-8","vary":"X-Origin, Referer, Origin,Accept-Encoding","server":"scaffolding on HTTPServer2","x-xss-protection":"0","x-frame-options":"SAMEORIGIN","x-content-type-options":"nosniff","alt-svc":"h3=\":443\"; ma=2592000,h3-29=\":443\"; ma=2592000,h3-Q050=\":443\"; ma=2592000,h3-Q046=\":443\"; ma=2592000,h3-Q043=\":443\"; ma=2592000,quic=\":443\"; ma=2592000; v=\"46,43\"","accept-ranges":"none","transfer-encoding":"chunked"}
[debug] [2022-06-03T04:17:31.357Z] >>> [apiv2][query] GET https://firebase.googleapis.com/v1beta1/projects/whatsapp-clone-487ce [none]
[debug] [2022-06-03T04:17:31.364Z] <<< [apiv2][status] GET https://firebase-public.firebaseio.com/cli.json 200
[debug] [2022-06-03T04:17:31.364Z] <<< [apiv2][body] GET https://firebase-public.firebaseio.com/cli.json {"cloudBuildErrorAfter":1594252800000,"cloudBuildWarnAfter":1590019200000,"defaultNode10After":1594252800000,"minVersion":"3.0.5","node8DeploysDisabledAfter":1613390400000,"node8RuntimeDisabledAfter":1615809600000,"node8WarnAfter":1600128000000}
[debug] [2022-06-03T04:17:31.818Z] <<< [apiv2][status] GET https://firebase.googleapis.com/v1beta1/projects/whatsapp-clone-487ce 200
[debug] [2022-06-03T04:17:31.818Z] <<< [apiv2][body] GET https://firebase.googleapis.com/v1beta1/projects/whatsapp-clone-487ce {"projectId":"whatsapp-clone-487ce","projectNumber":"374412652055","displayName":"WhatsApp-Clone","name":"projects/whatsapp-clone-487ce","resources":{"hostingSite":"whatsapp-clone-487ce","realtimeDatabaseInstance":"whatsapp-clone-487ce-default-rtdb","storageBucket":"whatsapp-clone-487ce.appspot.com","locationId":"us-central"},"state":"ACTIVE"}
[info] i  Using project whatsapp-clone-487ce (WhatsApp-Clone) 
[info] 
=== Hosting Setup
[info] 
[info] Your public directory is the folder (relative to your project directory) that
[info] will contain Hosting assets to be uploaded with firebase deploy. If you
[info] have a build process for your assets, use your build's output directory.
[info] 
[debug] [2022-06-03T04:17:41.579Z] >>> [apiv2][query] GET https://www.gstatic.com/firebasejs/releases.json [none]
[debug] [2022-06-03T04:17:41.915Z] <<< [apiv2][status] GET https://www.gstatic.com/firebasejs/releases.json 200
[debug] [2022-06-03T04:17:41.916Z] <<< [apiv2][body] GET https://www.gstatic.com/firebasejs/releases.json {"current":{"version":"9.8.2","browserURL":"https://www.gstatic.com/firebasejs/9.8.2/firebase.js","packageURL":"https://www.gstatic.com/firebasejs/9.8.2/firebase.tgz"},"live":{"version":"9.8","browserURL":"https://www.gstatic.com/firebasejs/live/9.8/firebase.js","packageURL":"https://www.gstatic.com/firebasejs/live/9.8/firebase.tgz"},"components":{"analytics":"https://www.gstatic.com/firebasejs/9.8.2/firebase-analytics.js","app":"https://www.gstatic.com/firebasejs/9.8.2/firebase-app.js","app-check":"https://www.gstatic.com/firebasejs/9.8.2/firebase-app-check.js","auth":"https://www.gstatic.com/firebasejs/9.8.2/firebase-auth.js","auth/cordova":"https://www.gstatic.com/firebasejs/9.8.2/firebase-auth/cordova.js","auth/react-native":"https://www.gstatic.com/firebasejs/9.8.2/firebase-auth/react-native.js","functions":"https://www.gstatic.com/firebasejs/9.8.2/firebase-functions.js","firestore":"https://www.gstatic.com/firebasejs/9.8.2/firebase-firestore.js","firestore/lite":"https://www.gstatic.com/firebasejs/9.8.2/firebase-firestore/lite.js","storage":"https://www.gstatic.com/firebasejs/9.8.2/firebase-storage.js","performance":"https://www.gstatic.com/firebasejs/9.8.2/firebase-performance.js","remote-config":"https://www.gstatic.com/firebasejs/9.8.2/firebase-remote-config.js","messaging":"https://www.gstatic.com/firebasejs/9.8.2/firebase-messaging.js","messaging/sw":"https://www.gstatic.com/firebasejs/9.8.2/firebase-messaging/sw.js","database":"https://www.gstatic.com/firebasejs/9.8.2/firebase-database.js","firestore.memory":"https://www.gstatic.com/firebasejs/9.8.2/firebase-firestore.memory.js"}}
[info] ✔  Wrote public/index.html 
[info] 
[info] i  Detected a .git folder at /Volumes/Seagate 1TB/React.JS Projects/whatsapp-clone 
[info] i  Authorizing with GitHub to upload your service account to a GitHub repository's secrets store. 
[info] 
[info] Visit this URL on this device to log in:
[info] https://github.com/login/oauth/authorize?client_id=89cf50f02ac6aaed3484&state=473501447&redirect_uri=http%3A%2F%2Flocalhost%3A9005&scope=read%3Auser%20repo%20public_repo
[info] 
[info] Waiting for authentication...
[debug] [2022-06-03T04:17:47.581Z] >>> HTTP REQUEST POST https://github.com/login/oauth/access_token  
 {"client_id":"89cf50f02ac6aaed3484","client_secret":"3330d14abc895d9a74d5f17cd7a00711fa2c5bf0","code":"4d4e8b1483e6a15bb897","redirect_uri":"http://localhost:9005","state":"473501447"}
[debug] [2022-06-03T04:17:47.993Z] <<< HTTP RESPONSE 200 {"server":"GitHub.com","date":"Fri, 03 Jun 2022 04:17:48 GMT","content-type":"application/json; charset=utf-8","transfer-encoding":"chunked","vary":"X-PJAX, X-PJAX-Container, Turbo-Visit, Turbo-Frame, Accept-Encoding, Accept, X-Requested-With","permissions-policy":"interest-cohort=()","etag":"W/\"35fb62246bd729df562ad177f2e1d416\"","cache-control":"max-age=0, private, must-revalidate","strict-transport-security":"max-age=31536000; includeSubdomains; preload","x-frame-options":"deny","x-content-type-options":"nosniff","x-xss-protection":"0","referrer-policy":"origin-when-cross-origin, strict-origin-when-cross-origin","expect-ct":"max-age=2592000, report-uri=\"https://api.github.com/_private/browser/errors\"","content-security-policy":"default-src 'none'; base-uri 'self'; block-all-mixed-content; child-src github.com/assets-cdn/worker/ gist.github.com/assets-cdn/worker/; connect-src 'self' uploads.github.com objects-origin.githubusercontent.com www.githubstatus.com collector.github.com raw.githubusercontent.com api.github.com github-cloud.s3.amazonaws.com github-production-repository-file-5c1aeb.s3.amazonaws.com github-production-upload-manifest-file-7fdce7.s3.amazonaws.com github-production-user-asset-6210df.s3.amazonaws.com cdn.optimizely.com logx.optimizely.com/v1/events *.actions.githubusercontent.com wss://*.actions.githubusercontent.com online.visualstudio.com/api/v1/locations github-production-repository-image-32fea6.s3.amazonaws.com github-production-release-asset-2e65be.s3.amazonaws.com insights.github.com wss://alive.github.com; font-src github.githubassets.com; form-action 'self' github.com gist.github.com objects-origin.githubusercontent.com; frame-ancestors 'none'; frame-src render.githubusercontent.com viewscreen.githubusercontent.com notebooks.githubusercontent.com; img-src 'self' data: github.githubassets.com identicons.github.com github-cloud.s3.amazonaws.com secured-user-images.githubusercontent.com/ github-production-user-asset-6210df.s3.amazonaws.com *.githubusercontent.com; manifest-src 'self'; media-src github.com user-images.githubusercontent.com/; script-src github.githubassets.com; style-src 'unsafe-inline' github.githubassets.com; worker-src github.com/assets-cdn/worker/ gist.github.com/assets-cdn/worker/","x-github-request-id":"7086:33A4:CD0590:19FEC69:62998B6B"}
[debug] [2022-06-03T04:17:48.007Z] >>> [apiv2][query] GET https://api.github.com/user [none]
[debug] [2022-06-03T04:17:48.284Z] <<< [apiv2][status] GET https://api.github.com/user 200
[debug] [2022-06-03T04:17:48.284Z] <<< [apiv2][body] GET https://api.github.com/user {"login":"Manishs94","id":58338759,"node_id":"MDQ6VXNlcjU4MzM4NzU5","avatar_url":"https://avatars.githubusercontent.com/u/58338759?v=4","gravatar_id":"","url":"https://api.github.com/users/Manishs94","html_url":"https://github.com/Manishs94","followers_url":"https://api.github.com/users/Manishs94/followers","following_url":"https://api.github.com/users/Manishs94/following{/other_user}","gists_url":"https://api.github.com/users/Manishs94/gists{/gist_id}","starred_url":"https://api.github.com/users/Manishs94/starred{/owner}{/repo}","subscriptions_url":"https://api.github.com/users/Manishs94/subscriptions","organizations_url":"https://api.github.com/users/Manishs94/orgs","repos_url":"https://api.github.com/users/Manishs94/repos","events_url":"https://api.github.com/users/Manishs94/events{/privacy}","received_events_url":"https://api.github.com/users/Manishs94/received_events","type":"User","site_admin":false,"name":"Manish Sondhi","company":"Software Engineer","blog":"","location":null,"email":null,"hireable":null,"bio":null,"twitter_username":null,"public_repos":26,"public_gists":0,"followers":1,"following":5,"created_at":"2019-11-29T15:56:46Z","updated_at":"2022-06-03T04:17:47Z","private_gists":0,"total_private_repos":0,"owned_private_repos":0,"disk_usage":75425,"collaborators":0,"two_factor_authentication":false,"plan":{"name":"free","space":976562499,"collaborators":0,"private_repos":10000}}
[info] 
[info] ✔  Success! Logged into GitHub as Manishs94 
[info] 
[debug] [2022-06-03T04:18:02.667Z] >>> [apiv2][query] GET https://api.github.com/repos/whatsapp-clone/actions/secrets/public-key type=owner
[debug] [2022-06-03T04:18:02.904Z] <<< [apiv2][status] GET https://api.github.com/repos/whatsapp-clone/actions/secrets/public-key 404
[debug] [2022-06-03T04:18:02.904Z] <<< [apiv2][body] GET https://api.github.com/repos/whatsapp-clone/actions/secrets/public-key {"message":"Not Found","documentation_url":"https://docs.github.com/rest"}
[debug] [2022-06-03T04:18:03.644Z] >>> [apiv2][query] GET https://api.github.com/repos/whatsapp-clone/actions/secrets/public-key type=owner
[debug] [2022-06-03T04:18:03.820Z] >>> [apiv2][query] GET https://api.github.com/repos//actions/secrets/public-key type=owner
[debug] [2022-06-03T04:18:03.840Z] <<< [apiv2][status] GET https://api.github.com/repos/whatsapp-clone/actions/secrets/public-key 404
[debug] [2022-06-03T04:18:03.840Z] <<< [apiv2][body] GET https://api.github.com/repos/whatsapp-clone/actions/secrets/public-key {"message":"Not Found","documentation_url":"https://docs.github.com/rest"}
[debug] [2022-06-03T04:18:04.013Z] <<< [apiv2][status] GET https://api.github.com/repos//actions/secrets/public-key 404
[debug] [2022-06-03T04:18:04.013Z] <<< [apiv2][body] GET https://api.github.com/repos//actions/secrets/public-key {"message":"Not Found","documentation_url":"https://docs.github.com/rest"}
[debug] [2022-06-03T04:18:04.015Z] >>> [apiv2][query] GET https://api.github.com/repos/whatsapp-clone/actions/secrets/public-key type=owner
[debug] [2022-06-03T04:18:04.159Z] >>> [apiv2][query] GET https://api.github.com/repos//actions/secrets/public-key type=owner
[debug] [2022-06-03T04:18:04.327Z] >>> [apiv2][query] GET https://api.github.com/repos//actions/secrets/public-key type=owner
[debug] [2022-06-03T04:18:04.330Z] <<< [apiv2][status] GET https://api.github.com/repos//actions/secrets/public-key 404
[debug] [2022-06-03T04:18:04.330Z] <<< [apiv2][body] GET https://api.github.com/repos//actions/secrets/public-key {"message":"Not Found","documentation_url":"https://docs.github.com/rest"}
[debug] [2022-06-03T04:18:04.387Z] <<< [apiv2][status] GET https://api.github.com/repos/whatsapp-clone/actions/secrets/public-key 404
[debug] [2022-06-03T04:18:04.387Z] <<< [apiv2][body] GET https://api.github.com/repos/whatsapp-clone/actions/secrets/public-key {"message":"Not Found","documentation_url":"https://docs.github.com/rest"}
[debug] [2022-06-03T04:18:04.500Z] >>> [apiv2][query] GET https://api.github.com/repos/whatsapp-clone/actions/secrets/public-key type=owner
[debug] [2022-06-03T04:18:04.582Z] <<< [apiv2][status] GET https://api.github.com/repos//actions/secrets/public-key 404
[debug] [2022-06-03T04:18:04.583Z] <<< [apiv2][body] GET https://api.github.com/repos//actions/secrets/public-key {"message":"Not Found","documentation_url":"https://docs.github.com/rest"}
[debug] [2022-06-03T04:18:04.681Z] <<< [apiv2][status] GET https://api.github.com/repos/whatsapp-clone/actions/secrets/public-key 404
[debug] [2022-06-03T04:18:04.682Z] <<< [apiv2][body] GET https://api.github.com/repos/whatsapp-clone/actions/secrets/public-key {"message":"Not Found","documentation_url":"https://docs.github.com/rest"}
[debug] [2022-06-03T04:18:05.229Z] >>> [apiv2][query] GET https://api.github.com/repos/whatsapp-clone/actions/secrets/public-key type=owner
[debug] [2022-06-03T04:18:05.404Z] <<< [apiv2][status] GET https://api.github.com/repos/whatsapp-clone/actions/secrets/public-key 404
[debug] [2022-06-03T04:18:05.405Z] <<< [apiv2][body] GET https://api.github.com/repos/whatsapp-clone/actions/secrets/public-key {"message":"Not Found","documentation_url":"https://docs.github.com/rest"}
[debug] [2022-06-03T04:18:05.631Z] >>> [apiv2][query] GET https://api.github.com/repos/whatsapp-clone/actions/secrets/public-key type=owner
[debug] [2022-06-03T04:18:05.814Z] >>> [apiv2][query] GET https://api.github.com/repos//actions/secrets/public-key type=owner
[debug] [2022-06-03T04:18:05.820Z] <<< [apiv2][status] GET https://api.github.com/repos/whatsapp-clone/actions/secrets/public-key 404
[debug] [2022-06-03T04:18:05.820Z] <<< [apiv2][body] GET https://api.github.com/repos/whatsapp-clone/actions/secrets/public-key {"message":"Not Found","documentation_url":"https://docs.github.com/rest"}
[debug] [2022-06-03T04:18:05.989Z] >>> [apiv2][query] GET https://api.github.com/repos/whatsapp-clone/actions/secrets/public-key type=owner
[debug] [2022-06-03T04:18:05.993Z] <<< [apiv2][status] GET https://api.github.com/repos//actions/secrets/public-key 404
[debug] [2022-06-03T04:18:05.994Z] <<< [apiv2][body] GET https://api.github.com/repos//actions/secrets/public-key {"message":"Not Found","documentation_url":"https://docs.github.com/rest"}
[debug] [2022-06-03T04:18:06.179Z] >>> [apiv2][query] GET https://api.github.com/repos//actions/secrets/public-key type=owner
[debug] [2022-06-03T04:18:06.240Z] <<< [apiv2][status] GET https://api.github.com/repos/whatsapp-clone/actions/secrets/public-key 404
[debug] [2022-06-03T04:18:06.240Z] <<< [apiv2][body] GET https://api.github.com/repos/whatsapp-clone/actions/secrets/public-key {"message":"Not Found","documentation_url":"https://docs.github.com/rest"}
[debug] [2022-06-03T04:18:06.370Z] <<< [apiv2][status] GET https://api.github.com/repos//actions/secrets/public-key 404
[debug] [2022-06-03T04:18:06.370Z] <<< [apiv2][body] GET https://api.github.com/repos//actions/secrets/public-key {"message":"Not Found","documentation_url":"https://docs.github.com/rest"}
[debug] [2022-06-03T04:18:06.606Z] >>> [apiv2][query] GET https://api.github.com/repos/whatsapp-clone/actions/secrets/public-key type=owner
[debug] [2022-06-03T04:18:06.790Z] <<< [apiv2][status] GET https://api.github.com/repos/whatsapp-clone/actions/secrets/public-key 404
[debug] [2022-06-03T04:18:06.790Z] <<< [apiv2][body] GET https://api.github.com/repos/whatsapp-clone/actions/secrets/public-key {"message":"Not Found","documentation_url":"https://docs.github.com/rest"}
[debug] [2022-06-03T04:18:07.409Z] >>> [apiv2][query] GET https://api.github.com/repos/whatsapp-clone/actions/secrets/public-key type=owner
[debug] [2022-06-03T04:18:07.603Z] <<< [apiv2][status] GET https://api.github.com/repos/whatsapp-clone/actions/secrets/public-key 404
[debug] [2022-06-03T04:18:07.603Z] <<< [apiv2][body] GET https://api.github.com/repos/whatsapp-clone/actions/secrets/public-key {"message":"Not Found","documentation_url":"https://docs.github.com/rest"}
[debug] [2022-06-03T04:18:08.198Z] >>> [apiv2][query] GET https://api.github.com/repos/whatsapp-clone/actions/secrets/public-key type=owner
[debug] [2022-06-03T04:18:08.385Z] <<< [apiv2][status] GET https://api.github.com/repos/whatsapp-clone/actions/secrets/public-key 404
[debug] [2022-06-03T04:18:08.386Z] <<< [apiv2][body] GET https://api.github.com/repos/whatsapp-clone/actions/secrets/public-key {"message":"Not Found","documentation_url":"https://docs.github.com/rest"}
[debug] [2022-06-03T04:18:10.321Z] >>> [apiv2][query] GET https://api.github.com/repos/whatsapp-clone2/actions/secrets/public-key type=owner
[debug] [2022-06-03T04:18:10.624Z] <<< [apiv2][status] GET https://api.github.com/repos/whatsapp-clone2/actions/secrets/public-key 404
[debug] [2022-06-03T04:18:10.625Z] <<< [apiv2][body] GET https://api.github.com/repos/whatsapp-clone2/actions/secrets/public-key {"message":"Not Found","documentation_url":"https://docs.github.com/rest"}
[debug] [2022-06-03T04:18:11.070Z] >>> [apiv2][query] GET https://api.github.com/repos/whatsapp-clone2/actions/secrets/public-key type=owner
[debug] [2022-06-03T04:18:11.254Z] <<< [apiv2][status] GET https://api.github.com/repos/whatsapp-clone2/actions/secrets/public-key 404
[debug] [2022-06-03T04:18:11.254Z] <<< [apiv2][body] GET https://api.github.com/repos/whatsapp-clone2/actions/secrets/public-key {"message":"Not Found","documentation_url":"https://docs.github.com/rest"}
[debug] [2022-06-03T04:18:11.282Z] >>> [apiv2][query] GET https://api.github.com/repos/whatsapp-clone2/actions/secrets/public-key type=owner
[debug] [2022-06-03T04:18:11.468Z] <<< [apiv2][status] GET https://api.github.com/repos/whatsapp-clone2/actions/secrets/public-key 404
[debug] [2022-06-03T04:18:11.469Z] <<< [apiv2][body] GET https://api.github.com/repos/whatsapp-clone2/actions/secrets/public-key {"message":"Not Found","documentation_url":"https://docs.github.com/rest"}
[debug] [2022-06-03T04:18:12.200Z] >>> [apiv2][query] GET https://api.github.com/repos/whatsapp-clone2/actions/secrets/public-key type=owner
[debug] [2022-06-03T04:18:12.381Z] <<< [apiv2][status] GET https://api.github.com/repos/whatsapp-clone2/actions/secrets/public-key 404
[debug] [2022-06-03T04:18:12.381Z] <<< [apiv2][body] GET https://api.github.com/repos/whatsapp-clone2/actions/secrets/public-key {"message":"Not Found","documentation_url":"https://docs.github.com/rest"}
[debug] [2022-06-03T04:18:12.395Z] >>> [apiv2][query] GET https://api.github.com/repos/whatsapp-clone2/actions/secrets/public-key type=owner
[debug] [2022-06-03T04:18:12.572Z] <<< [apiv2][status] GET https://api.github.com/repos/whatsapp-clone2/actions/secrets/public-key 404
[debug] [2022-06-03T04:18:12.572Z] <<< [apiv2][body] GET https://api.github.com/repos/whatsapp-clone2/actions/secrets/public-key {"message":"Not Found","documentation_url":"https://docs.github.com/rest"}
[debug] [2022-06-03T04:18:12.576Z] >>> [apiv2][query] GET https://api.github.com/repos/whatsapp-clone2/actions/secrets/public-key type=owner
[debug] [2022-06-03T04:18:12.755Z] <<< [apiv2][status] GET https://api.github.com/repos/whatsapp-clone2/actions/secrets/public-key 404
[debug] [2022-06-03T04:18:12.756Z] <<< [apiv2][body] GET https://api.github.com/repos/whatsapp-clone2/actions/secrets/public-key {"message":"Not Found","documentation_url":"https://docs.github.com/rest"}
[debug] [2022-06-03T04:18:12.761Z] >>> [apiv2][query] GET https://api.github.com/repos/whatsapp-clone2/actions/secrets/public-key type=owner
[debug] [2022-06-03T04:18:12.935Z] <<< [apiv2][status] GET https://api.github.com/repos/whatsapp-clone2/actions/secrets/public-key 404
[debug] [2022-06-03T04:18:12.935Z] <<< [apiv2][body] GET https://api.github.com/repos/whatsapp-clone2/actions/secrets/public-key {"message":"Not Found","documentation_url":"https://docs.github.com/rest"}
[debug] [2022-06-03T04:18:13.378Z] >>> [apiv2][query] GET https://api.github.com/repos/whatsapp-clone2/actions/secrets/public-key type=owner
[debug] [2022-06-03T04:18:13.589Z] >>> [apiv2][query] GET https://api.github.com/repos//actions/secrets/public-key type=owner
[debug] [2022-06-03T04:18:13.638Z] <<< [apiv2][status] GET https://api.github.com/repos/whatsapp-clone2/actions/secrets/public-key 404
[debug] [2022-06-03T04:18:13.638Z] <<< [apiv2][body] GET https://api.github.com/repos/whatsapp-clone2/actions/secrets/public-key {"message":"Not Found","documentation_url":"https://docs.github.com/rest"}
[debug] [2022-06-03T04:18:13.797Z] <<< [apiv2][status] GET https://api.github.com/repos//actions/secrets/public-key 404
[debug] [2022-06-03T04:18:13.797Z] <<< [apiv2][body] GET https://api.github.com/repos//actions/secrets/public-key {"message":"Not Found","documentation_url":"https://docs.github.com/rest"}
[debug] [2022-06-03T04:18:13.800Z] >>> [apiv2][query] GET https://api.github.com/repos/whatsapp-clone2/actions/secrets/public-key type=owner
[debug] [2022-06-03T04:18:13.994Z] <<< [apiv2][status] GET https://api.github.com/repos/whatsapp-clone2/actions/secrets/public-key 404
[debug] [2022-06-03T04:18:13.994Z] <<< [apiv2][body] GET https://api.github.com/repos/whatsapp-clone2/actions/secrets/public-key {"message":"Not Found","documentation_url":"https://docs.github.com/rest"}
[debug] [2022-06-03T04:18:21.924Z] >>> [apiv2][query] GET https://api.github.com/repos/whatsapp/actions/secrets/public-key type=owner
[debug] [2022-06-03T04:18:22.182Z] <<< [apiv2][status] GET https://api.github.com/repos/whatsapp/actions/secrets/public-key 404
[debug] [2022-06-03T04:18:22.183Z] <<< [apiv2][body] GET https://api.github.com/repos/whatsapp/actions/secrets/public-key {"message":"Not Found","documentation_url":"https://docs.github.com/rest"}
[debug] [2022-06-03T04:18:22.590Z] >>> [apiv2][query] GET https://api.github.com/repos/whatsapp/actions/secrets/public-key type=owner
[debug] [2022-06-03T04:18:22.776Z] <<< [apiv2][status] GET https://api.github.com/repos/whatsapp/actions/secrets/public-key 404
[debug] [2022-06-03T04:18:22.776Z] <<< [apiv2][body] GET https://api.github.com/repos/whatsapp/actions/secrets/public-key {"message":"Not Found","documentation_url":"https://docs.github.com/rest"}
[debug] [2022-06-03T04:18:22.779Z] >>> [apiv2][query] GET https://api.github.com/repos/whatsapp/actions/secrets/public-key type=owner
[debug] [2022-06-03T04:18:22.949Z] >>> [apiv2][query] GET https://api.github.com/repos//actions/secrets/public-key type=owner
[debug] [2022-06-03T04:18:23.031Z] <<< [apiv2][status] GET https://api.github.com/repos/whatsapp/actions/secrets/public-key 404
[debug] [2022-06-03T04:18:23.031Z] <<< [apiv2][body] GET https://api.github.com/repos/whatsapp/actions/secrets/public-key {"message":"Not Found","documentation_url":"https://docs.github.com/rest"}
[debug] [2022-06-03T04:18:23.187Z] <<< [apiv2][status] GET https://api.github.com/repos//actions/secrets/public-key 404
[debug] [2022-06-03T04:18:23.187Z] <<< [apiv2][body] GET https://api.github.com/repos//actions/secrets/public-key {"message":"Not Found","documentation_url":"https://docs.github.com/rest"}
[debug] [2022-06-03T04:18:24.206Z] >>> [apiv2][query] GET https://api.github.com/repos/whatsapp1/actions/secrets/public-key type=owner
[debug] [2022-06-03T04:18:24.443Z] <<< [apiv2][status] GET https://api.github.com/repos/whatsapp1/actions/secrets/public-key 404
[debug] [2022-06-03T04:18:24.443Z] <<< [apiv2][body] GET https://api.github.com/repos/whatsapp1/actions/secrets/public-key {"message":"Not Found","documentation_url":"https://docs.github.com/rest"}
[debug] [2022-06-03T04:18:24.577Z] >>> [apiv2][query] GET https://api.github.com/repos/whatsapp1/actions/secrets/public-key type=owner
[debug] [2022-06-03T04:18:24.760Z] >>> [apiv2][query] GET https://api.github.com/repos//actions/secrets/public-key type=owner
[debug] [2022-06-03T04:18:24.768Z] <<< [apiv2][status] GET https://api.github.com/repos/whatsapp1/actions/secrets/public-key 404
[debug] [2022-06-03T04:18:24.768Z] <<< [apiv2][body] GET https://api.github.com/repos/whatsapp1/actions/secrets/public-key {"message":"Not Found","documentation_url":"https://docs.github.com/rest"}
[debug] [2022-06-03T04:18:24.935Z] >>> [apiv2][query] GET https://api.github.com/repos/whatsapp1/actions/secrets/public-key type=owner
[debug] [2022-06-03T04:18:25.023Z] <<< [apiv2][status] GET https://api.github.com/repos//actions/secrets/public-key 404
[debug] [2022-06-03T04:18:25.023Z] <<< [apiv2][body] GET https://api.github.com/repos//actions/secrets/public-key {"message":"Not Found","documentation_url":"https://docs.github.com/rest"}
[debug] [2022-06-03T04:18:25.131Z] <<< [apiv2][status] GET https://api.github.com/repos/whatsapp1/actions/secrets/public-key 404
[debug] [2022-06-03T04:18:25.131Z] <<< [apiv2][body] GET https://api.github.com/repos/whatsapp1/actions/secrets/public-key {"message":"Not Found","documentation_url":"https://docs.github.com/rest"}
[debug] [2022-06-03T04:18:26.006Z] >>> [apiv2][query] GET https://api.github.com/repos/whatsapp1/actions/secrets/public-key type=owner
[debug] [2022-06-03T04:18:26.242Z] <<< [apiv2][status] GET https://api.github.com/repos/whatsapp1/actions/secrets/public-key 404
[debug] [2022-06-03T04:18:26.242Z] <<< [apiv2][body] GET https://api.github.com/repos/whatsapp1/actions/secrets/public-key {"message":"Not Found","documentation_url":"https://docs.github.com/rest"}
[debug] [2022-06-03T04:18:26.280Z] >>> [apiv2][query] GET https://api.github.com/repos/whatsapp1/actions/secrets/public-key type=owner
[debug] [2022-06-03T04:18:26.476Z] <<< [apiv2][status] GET https://api.github.com/repos/whatsapp1/actions/secrets/public-key 404
[debug] [2022-06-03T04:18:26.476Z] <<< [apiv2][body] GET https://api.github.com/repos/whatsapp1/actions/secrets/public-key {"message":"Not Found","documentation_url":"https://docs.github.com/rest"}
[debug] [2022-06-03T04:18:26.505Z] >>> [apiv2][query] GET https://api.github.com/repos/whatsapp1/actions/secrets/public-key type=owner
[debug] [2022-06-03T04:18:26.700Z] <<< [apiv2][status] GET https://api.github.com/repos/whatsapp1/actions/secrets/public-key 404
[debug] [2022-06-03T04:18:26.700Z] <<< [apiv2][body] GET https://api.github.com/repos/whatsapp1/actions/secrets/public-key {"message":"Not Found","documentation_url":"https://docs.github.com/rest"}
[debug] [2022-06-03T04:18:38.054Z] >>> [apiv2][query] GET https://api.github.com/repos/whatsApp-Clone/actions/secrets/public-key type=owner
[debug] [2022-06-03T04:18:38.261Z] <<< [apiv2][status] GET https://api.github.com/repos/whatsApp-Clone/actions/secrets/public-key 404
[debug] [2022-06-03T04:18:38.261Z] <<< [apiv2][body] GET https://api.github.com/repos/whatsApp-Clone/actions/secrets/public-key {"message":"Not Found","documentation_url":"https://docs.github.com/rest"}
[debug] [2022-06-03T04:18:38.716Z] >>> [apiv2][query] GET https://api.github.com/repos/whatsApp-Clone/actions/secrets/public-key type=owner
[debug] [2022-06-03T04:18:38.895Z] <<< [apiv2][status] GET https://api.github.com/repos/whatsApp-Clone/actions/secrets/public-key 404
[debug] [2022-06-03T04:18:38.895Z] <<< [apiv2][body] GET https://api.github.com/repos/whatsApp-Clone/actions/secrets/public-key {"message":"Not Found","documentation_url":"https://docs.github.com/rest"}
[debug] [2022-06-03T04:18:39.215Z] >>> [apiv2][query] GET https://api.github.com/repos/whatsApp-Clone/actions/secrets/public-key type=owner
[debug] [2022-06-03T04:18:39.404Z] <<< [apiv2][status] GET https://api.github.com/repos/whatsApp-Clone/actions/secrets/public-key 404
[debug] [2022-06-03T04:18:39.404Z] <<< [apiv2][body] GET https://api.github.com/repos/whatsApp-Clone/actions/secrets/public-key {"message":"Not Found","documentation_url":"https://docs.github.com/rest"}
[debug] [2022-06-03T04:18:39.429Z] >>> [apiv2][query] GET https://api.github.com/repos/whatsApp-Clone/actions/secrets/public-key type=owner
[debug] [2022-06-03T04:18:39.612Z] <<< [apiv2][status] GET https://api.github.com/repos/whatsApp-Clone/actions/secrets/public-key 404
[debug] [2022-06-03T04:18:39.612Z] <<< [apiv2][body] GET https://api.github.com/repos/whatsApp-Clone/actions/secrets/public-key {"message":"Not Found","documentation_url":"https://docs.github.com/rest"}
[debug] [2022-06-03T04:18:41.473Z] >>> [apiv2][query] GET https://api.github.com/repos/whatsApp-/actions/secrets/public-key type=owner
[debug] [2022-06-03T04:18:41.654Z] <<< [apiv2][status] GET https://api.github.com/repos/whatsApp-/actions/secrets/public-key 404
[debug] [2022-06-03T04:18:41.654Z] <<< [apiv2][body] GET https://api.github.com/repos/whatsApp-/actions/secrets/public-key {"message":"Not Found","documentation_url":"https://docs.github.com/rest"}
[debug] [2022-06-03T04:18:41.739Z] >>> [apiv2][query] GET https://api.github.com/repos/whatsApp-/actions/secrets/public-key type=owner
[debug] [2022-06-03T04:18:41.921Z] <<< [apiv2][status] GET https://api.github.com/repos/whatsApp-/actions/secrets/public-key 404
[debug] [2022-06-03T04:18:41.921Z] <<< [apiv2][body] GET https://api.github.com/repos/whatsApp-/actions/secrets/public-key {"message":"Not Found","documentation_url":"https://docs.github.com/rest"}
[debug] [2022-06-03T04:18:44.672Z] >>> [apiv2][query] GET https://api.github.com/repos/whatsApp-App/actions/secrets/public-key type=owner
[debug] [2022-06-03T04:18:44.867Z] <<< [apiv2][status] GET https://api.github.com/repos/whatsApp-App/actions/secrets/public-key 404
[debug] [2022-06-03T04:18:44.867Z] <<< [apiv2][body] GET https://api.github.com/repos/whatsApp-App/actions/secrets/public-key {"message":"Not Found","documentation_url":"https://docs.github.com/rest"}
[debug] [2022-06-03T04:18:45.061Z] >>> [apiv2][query] GET https://api.github.com/repos/whatsApp-App/actions/secrets/public-key type=owner
[debug] [2022-06-03T04:18:45.256Z] <<< [apiv2][status] GET https://api.github.com/repos/whatsApp-App/actions/secrets/public-key 404
[debug] [2022-06-03T04:18:45.256Z] <<< [apiv2][body] GET https://api.github.com/repos/whatsApp-App/actions/secrets/public-key {"message":"Not Found","documentation_url":"https://docs.github.com/rest"}
[debug] [2022-06-03T04:18:46.820Z] >>> [apiv2][query] GET https://api.github.com/repos/whatsApp-app/actions/secrets/public-key type=owner
[debug] [2022-06-03T04:18:46.995Z] <<< [apiv2][status] GET https://api.github.com/repos/whatsApp-app/actions/secrets/public-key 404
[debug] [2022-06-03T04:18:46.995Z] <<< [apiv2][body] GET https://api.github.com/repos/whatsApp-app/actions/secrets/public-key {"message":"Not Found","documentation_url":"https://docs.github.com/rest"}
[debug] [2022-06-03T04:18:47.304Z] >>> [apiv2][query] GET https://api.github.com/repos/whatsApp-app/actions/secrets/public-key type=owner
[debug] [2022-06-03T04:18:47.447Z] >>> [apiv2][query] GET https://api.github.com/repos//actions/secrets/public-key type=owner
[debug] [2022-06-03T04:18:47.513Z] <<< [apiv2][status] GET https://api.github.com/repos/whatsApp-app/actions/secrets/public-key 404
[debug] [2022-06-03T04:18:47.513Z] <<< [apiv2][body] GET https://api.github.com/repos/whatsApp-app/actions/secrets/public-key {"message":"Not Found","documentation_url":"https://docs.github.com/rest"}
[debug] [2022-06-03T04:18:47.614Z] <<< [apiv2][status] GET https://api.github.com/repos//actions/secrets/public-key 404
[debug] [2022-06-03T04:18:47.614Z] <<< [apiv2][body] GET https://api.github.com/repos//actions/secrets/public-key {"message":"Not Found","documentation_url":"https://docs.github.com/rest"}
[debug] [2022-06-03T04:18:50.423Z] >>> [apiv2][query] GET https://api.github.com/repos/whatsApp/actions/secrets/public-key type=owner
[debug] [2022-06-03T04:18:50.604Z] <<< [apiv2][status] GET https://api.github.com/repos/whatsApp/actions/secrets/public-key 404
[debug] [2022-06-03T04:18:50.604Z] <<< [apiv2][body] GET https://api.github.com/repos/whatsApp/actions/secrets/public-key {"message":"Not Found","documentation_url":"https://docs.github.com/rest"}
[debug] [2022-06-03T04:18:50.891Z] >>> [apiv2][query] GET https://api.github.com/repos/whatsApp/actions/secrets/public-key type=owner
[debug] [2022-06-03T04:18:51.033Z] >>> [apiv2][query] GET https://api.github.com/repos//actions/secrets/public-key type=owner
[debug] [2022-06-03T04:18:51.060Z] <<< [apiv2][status] GET https://api.github.com/repos/whatsApp/actions/secrets/public-key 404
[debug] [2022-06-03T04:18:51.060Z] <<< [apiv2][body] GET https://api.github.com/repos/whatsApp/actions/secrets/public-key {"message":"Not Found","documentation_url":"https://docs.github.com/rest"}
[debug] [2022-06-03T04:18:51.219Z] <<< [apiv2][status] GET https://api.github.com/repos//actions/secrets/public-key 404
[debug] [2022-06-03T04:18:51.219Z] <<< [apiv2][body] GET https://api.github.com/repos//actions/secrets/public-key {"message":"Not Found","documentation_url":"https://docs.github.com/rest"}
[debug] [2022-06-03T04:18:55.036Z] >>> [apiv2][query] GET https://api.github.com/repos//actions/secrets/public-key type=owner
[debug] [2022-06-03T04:18:55.205Z] <<< [apiv2][status] GET https://api.github.com/repos//actions/secrets/public-key 404
[debug] [2022-06-03T04:18:55.205Z] <<< [apiv2][body] GET https://api.github.com/repos//actions/secrets/public-key {"message":"Not Found","documentation_url":"https://docs.github.com/rest"}
[debug] [2022-06-03T04:18:55.476Z] >>> [apiv2][query] GET https://api.github.com/repos//actions/secrets/public-key type=owner
[debug] [2022-06-03T04:18:55.610Z] >>> [apiv2][query] GET https://api.github.com/repos//actions/secrets/public-key type=owner
[debug] [2022-06-03T04:18:55.659Z] <<< [apiv2][status] GET https://api.github.com/repos//actions/secrets/public-key 404
[debug] [2022-06-03T04:18:55.660Z] <<< [apiv2][body] GET https://api.github.com/repos//actions/secrets/public-key {"message":"Not Found","documentation_url":"https://docs.github.com/rest"}
[debug] [2022-06-03T04:18:55.789Z] <<< [apiv2][status] GET https://api.github.com/repos//actions/secrets/public-key 404
[debug] [2022-06-03T04:18:55.790Z] <<< [apiv2][body] GET https://api.github.com/repos//actions/secrets/public-key {"message":"Not Found","documentation_url":"https://docs.github.com/rest"}
